Copyright 1986-2022 Xilinx, Inc. All Rights Reserved. Copyright 2022-2025 Advanced Micro Devices, Inc. All Rights Reserved.
---------------------------------------------------------------------------------------------------------------------------------------------
| Tool Version : Vivado v.2025.1 (win64) Build 6140274 Thu May 22 00:12:29 MDT 2025
| Date         : Thu Oct 30 09:35:41 2025
| Host         : RUHUL running 64-bit major release  (build 9200)
| Command      : report_control_sets -verbose -file Design_MicroBlaze_wrapper_control_sets_placed.rpt
| Design       : Design_MicroBlaze_wrapper
| Device       : xc7a100t
---------------------------------------------------------------------------------------------------------------------------------------------

Control Set Information

Table of Contents
-----------------
1. Summary
2. Histogram
3. Flip-Flop Distribution
4. Detailed Control Set Information

1. Summary
----------

+----------------------------------------------------------+-------+
|                          Status                          | Count |
+----------------------------------------------------------+-------+
| Total control sets                                       |    67 |
|    Minimum number of control sets                        |    67 |
|    Addition due to synthesis replication                 |     0 |
|    Addition due to physical synthesis replication        |     0 |
| Unused register locations in slices containing registers |   183 |
+----------------------------------------------------------+-------+
* Control sets can be merged at opt_design using control_set_merge or merge_equivalent_drivers
** Run report_qor_suggestions for automated merging and remapping suggestions


2. Histogram
------------

+--------------------+-------+
|       Fanout       | Count |
+--------------------+-------+
| Total control sets |    67 |
| >= 0 to < 4        |    10 |
| >= 4 to < 6        |     9 |
| >= 6 to < 8        |     7 |
| >= 8 to < 10       |     8 |
| >= 10 to < 12      |     4 |
| >= 12 to < 14      |     0 |
| >= 14 to < 16      |     0 |
| >= 16              |    29 |
+--------------------+-------+
* Control sets can be remapped at either synth_design or opt_design


3. Flip-Flop Distribution
-------------------------

+--------------+-----------------------+------------------------+-----------------+--------------+
| Clock Enable | Synchronous Set/Reset | Asynchronous Set/Reset | Total Registers | Total Slices |
+--------------+-----------------------+------------------------+-----------------+--------------+
| No           | No                    | No                     |             289 |           96 |
| No           | No                    | Yes                    |              29 |            8 |
| No           | Yes                   | No                     |             296 |          122 |
| Yes          | No                    | No                     |             237 |           70 |
| Yes          | No                    | Yes                    |              15 |            8 |
| Yes          | Yes                   | No                     |             671 |          204 |
+--------------+-----------------------+------------------------+-----------------+--------------+


4. Detailed Control Set Information
-----------------------------------

+---------------------------------------------------------------------+------------------------------------------------------------------------------------------------------------------------------------------------------------------------------------------------------------------+---------------------------------------------------------------------------------------------------------------------------------------------------------+------------------+----------------+--------------+
|                             Clock Signal                            |                                                                                                   Enable Signal                                                                                                  |                                                                     Set/Reset Signal                                                                    | Slice Load Count | Bel Load Count | Bels / Slice |
+---------------------------------------------------------------------+------------------------------------------------------------------------------------------------------------------------------------------------------------------------------------------------------------------+---------------------------------------------------------------------------------------------------------------------------------------------------------+------------------+----------------+--------------+
|  Design_MicroBlaze_i/clk_wiz_1/inst/clk_out1                        |                                                                                                                                                                                                                  | Design_MicroBlaze_i/microblaze_0/U0/MicroBlaze_Core_I/Performance.Core/Use_Debug_Logic.Master_Core.Debug_Perf/Serial_Dbg_Intf.capture_1                 |                1 |              1 |         1.00 |
|  Design_MicroBlaze_i/mdm_1/U0/Use_E2.BSCAN_I/Dbg_Update_0_BUFG      | Design_MicroBlaze_i/microblaze_0/U0/MicroBlaze_Core_I/Performance.Core/Use_Debug_Logic.Master_Core.Debug_Perf/Control_Reg_En                                                                                     | Design_MicroBlaze_i/microblaze_0/U0/MicroBlaze_Core_I/Performance.Core/Use_Debug_Logic.Master_Core.Debug_Perf/Serial_Dbg_Intf.force_stop_cmd_i_reg_0    |                1 |              1 |         1.00 |
|  Design_MicroBlaze_i/mdm_1/U0/Use_E2.BSCAN_I/Dbg_Update_0_BUFG      | Design_MicroBlaze_i/microblaze_0/U0/MicroBlaze_Core_I/Performance.Core/Use_Debug_Logic.Master_Core.Debug_Perf/Control_Reg_En                                                                                     | Design_MicroBlaze_i/microblaze_0/U0/MicroBlaze_Core_I/Performance.Core/Use_Debug_Logic.Master_Core.Debug_Perf/Serial_Dbg_Intf.continue_from_brk_reg_0   |                1 |              1 |         1.00 |
|  Design_MicroBlaze_i/mdm_1/U0/Use_E2.BSCAN_I/Dbg_Update_0_BUFG      | Design_MicroBlaze_i/microblaze_0/U0/MicroBlaze_Core_I/Performance.Core/Use_Debug_Logic.Master_Core.Debug_Perf/Control_Reg_En                                                                                     | Design_MicroBlaze_i/microblaze_0/U0/MicroBlaze_Core_I/Performance.Core/Use_Debug_Logic.Master_Core.Debug_Perf/Serial_Dbg_Intf.normal_stop_cmd_i_reg_n_0 |                1 |              1 |         1.00 |
|  Design_MicroBlaze_i/mdm_1/U0/Use_E2.BSCAN_I/Dbg_Update_0_BUFG      | Design_MicroBlaze_i/microblaze_0/U0/MicroBlaze_Core_I/Performance.Core/Use_Debug_Logic.Master_Core.Debug_Perf/Control_Reg_En                                                                                     | Design_MicroBlaze_i/microblaze_0/U0/MicroBlaze_Core_I/Performance.Core/Use_Debug_Logic.Master_Core.Debug_Perf/Functional_Reset                          |                1 |              1 |         1.00 |
| ~Design_MicroBlaze_i/mdm_1/U0/No_Dbg_Reg_Access.BUFG_DRCK/Dbg_Clk_0 | Design_MicroBlaze_i/mdm_1/U0/MDM_Core_I1/JTAG_CONTROL_I/Use_BSCAN.FDC_I/CE                                                                                                                                       | Design_MicroBlaze_i/mdm_1/U0/MDM_Core_I1/JTAG_CONTROL_I/Use_BSCAN.FDC_I/D                                                                               |                1 |              1 |         1.00 |
|  Design_MicroBlaze_i/mdm_1/U0/No_Dbg_Reg_Access.BUFG_DRCK/Dbg_Clk_0 | Design_MicroBlaze_i/mdm_1/U0/Use_E2.BSCAN_I/Use_E2.BSCANE2_I_0                                                                                                                                                   | Design_MicroBlaze_i/mdm_1/U0/MDM_Core_I1/JTAG_CONTROL_I/Functional_Reset                                                                                |                1 |              1 |         1.00 |
| ~Design_MicroBlaze_i/mdm_1/U0/Use_E2.BSCAN_I/Dbg_Update_0_BUFG      |                                                                                                                                                                                                                  | Design_MicroBlaze_i/mdm_1/U0/MDM_Core_I1/JTAG_CONTROL_I/sel_n                                                                                           |                1 |              1 |         1.00 |
|  Design_MicroBlaze_i/mdm_1/U0/Use_E2.BSCAN_I/Dbg_Update_0_BUFG      | Design_MicroBlaze_i/microblaze_0/U0/MicroBlaze_Core_I/Performance.Core/Use_Debug_Logic.Master_Core.Debug_Perf/Command_Reg_En                                                                                     | Design_MicroBlaze_i/microblaze_0/U0/MicroBlaze_Core_I/Performance.Core/Use_Debug_Logic.Master_Core.Debug_Perf/command_reg_clear                         |                1 |              2 |         2.00 |
|  Design_MicroBlaze_i/mdm_1/U0/Use_E2.BSCAN_I/Dbg_Update_0_BUFG      |                                                                                                                                                                                                                  |                                                                                                                                                         |                1 |              3 |         3.00 |
| ~Design_MicroBlaze_i/mdm_1/U0/Use_E2.BSCAN_I/Dbg_Update_0_BUFG      |                                                                                                                                                                                                                  | Design_MicroBlaze_i/mdm_1/U0/Use_E2.BSCAN_I/AR[0]                                                                                                       |                1 |              4 |         4.00 |
|  Design_MicroBlaze_i/clk_wiz_1/inst/clk_out1                        | Design_MicroBlaze_i/axi_uartlite_0/U0/AXI_LITE_IPIF_I/I_SLAVE_ATTACHMENT/start2                                                                                                                                  | Design_MicroBlaze_i/axi_uartlite_0/U0/AXI_LITE_IPIF_I/I_SLAVE_ATTACHMENT/I_DECODER/cs_ce_clr                                                            |                1 |              4 |         4.00 |
|  Design_MicroBlaze_i/clk_wiz_1/inst/clk_out1                        |                                                                                                                                                                                                                  | Design_MicroBlaze_i/microblaze_0_axi_intc/U0/AXI_LITE_IPIF_I/I_SLAVE_ATTACHMENT/clear                                                                   |                1 |              4 |         4.00 |
|  Design_MicroBlaze_i/mdm_1/U0/Use_E2.BSCAN_I/Dbg_Update_0_BUFG      | Design_MicroBlaze_i/mdm_1/U0/MDM_Core_I1/Use_BSCAN.MDM_SEL                                                                                                                                                       | Design_MicroBlaze_i/mdm_1/U0/Use_E2.BSCAN_I/AR[0]                                                                                                       |                1 |              4 |         4.00 |
|  Design_MicroBlaze_i/mdm_1/U0/No_Dbg_Reg_Access.BUFG_DRCK/Dbg_Clk_0 | Design_MicroBlaze_i/mdm_1/U0/MDM_Core_I1/Use_BSCAN.TDI_Shifter0                                                                                                                                                  | Design_MicroBlaze_i/mdm_1/U0/Use_E2.BSCAN_I/AR[0]                                                                                                       |                1 |              4 |         4.00 |
|  Design_MicroBlaze_i/clk_wiz_1/inst/clk_out1                        | Design_MicroBlaze_i/axi_uartlite_0/U0/UARTLITE_CORE_I/BAUD_RATE_I/en_16x_Baud                                                                                                                                    |                                                                                                                                                         |                1 |              4 |         4.00 |
|  Design_MicroBlaze_i/clk_wiz_1/inst/clk_out1                        | Design_MicroBlaze_i/microblaze_0/U0/MicroBlaze_Core_I/Performance.Core/Decode_I/wb_exception_i_reg_2                                                                                                             | Design_MicroBlaze_i/microblaze_0/U0/MicroBlaze_Core_I/sync_reset                                                                                        |                2 |              5 |         2.50 |
|  Design_MicroBlaze_i/clk_wiz_1/inst/clk_out1                        |                                                                                                                                                                                                                  | Design_MicroBlaze_i/rst_clk_wiz_1_100M/U0/EXT_LPF/lpf_int                                                                                               |                1 |              5 |         5.00 |
|  Design_MicroBlaze_i/mdm_1/U0/Use_E2.BSCAN_I/Dbg_Update_0_BUFG      | Design_MicroBlaze_i/microblaze_0/U0/MicroBlaze_Core_I/Performance.Core/Use_Debug_Logic.Master_Core.Debug_Perf/Control_Reg_En                                                                                     |                                                                                                                                                         |                2 |              5 |         2.50 |
|  Design_MicroBlaze_i/mdm_1/U0/No_Dbg_Reg_Access.BUFG_DRCK/Dbg_Clk_0 | Design_MicroBlaze_i/mdm_1/U0/MDM_Core_I1/JTAG_CONTROL_I/Use_BSCAN.FDC_I/sample_1                                                                                                                                 |                                                                                                                                                         |                2 |              6 |         3.00 |
|  Design_MicroBlaze_i/mdm_1/U0/No_Dbg_Reg_Access.BUFG_DRCK/Dbg_Clk_0 | Design_MicroBlaze_i/mdm_1/U0/Use_E2.BSCAN_I/Use_E2.BSCANE2_I_3                                                                                                                                                   |                                                                                                                                                         |                2 |              6 |         3.00 |
|  Design_MicroBlaze_i/mdm_1/U0/No_Dbg_Reg_Access.BUFG_DRCK/Dbg_Clk_0 | Design_MicroBlaze_i/mdm_1/U0/Use_E2.BSCAN_I/Use_E2.BSCANE2_I_2                                                                                                                                                   |                                                                                                                                                         |                2 |              6 |         3.00 |
|  Design_MicroBlaze_i/clk_wiz_1/inst/clk_out1                        |                                                                                                                                                                                                                  | Design_MicroBlaze_i/axi_uartlite_0/U0/UARTLITE_CORE_I/UARTLITE_RX_I/SRL_FIFO_I/RX_FIFO_Reset                                                            |                2 |              6 |         3.00 |
|  Design_MicroBlaze_i/clk_wiz_1/inst/clk_out1                        | Design_MicroBlaze_i/rst_clk_wiz_1_100M/U0/SEQ/seq_cnt_en                                                                                                                                                         | Design_MicroBlaze_i/rst_clk_wiz_1_100M/U0/SEQ/SEQ_COUNTER/clear                                                                                         |                1 |              6 |         6.00 |
|  Design_MicroBlaze_i/clk_wiz_1/inst/clk_out1                        |                                                                                                                                                                                                                  | Design_MicroBlaze_i/axi_uartlite_0/U0/UARTLITE_CORE_I/UARTLITE_TX_I/SRL_FIFO_I/TX_FIFO_Reset                                                            |                2 |              6 |         3.00 |
|  Design_MicroBlaze_i/clk_wiz_1/inst/clk_out1                        | Design_MicroBlaze_i/axi_uartlite_0/U0/UARTLITE_CORE_I/BAUD_RATE_I/en_16x_Baud                                                                                                                                    | Design_MicroBlaze_i/axi_uartlite_0/U0/UARTLITE_CORE_I/UARTLITE_RX_I/SERIAL_TO_PARALLEL[8].fifo_din[8]_i_1_n_0                                           |                1 |              7 |         7.00 |
|  Design_MicroBlaze_i/clk_wiz_1/inst/clk_out1                        | Design_MicroBlaze_i/axi_uartlite_0/U0/UARTLITE_CORE_I/UARTLITE_RX_I/SRL_FIFO_I/fifo_wr                                                                                                                           |                                                                                                                                                         |                1 |              8 |         8.00 |
|  Design_MicroBlaze_i/clk_wiz_1/inst/clk_out1                        | Design_MicroBlaze_i/microblaze_0_axi_intc/U0/AXI_LITE_IPIF_I/I_SLAVE_ATTACHMENT/bus2ip_addr_i[8]_i_1_n_0                                                                                                         | Design_MicroBlaze_i/microblaze_0_axi_intc/U0/AXI_LITE_IPIF_I/I_SLAVE_ATTACHMENT/rst                                                                     |                2 |              8 |         4.00 |
|  Design_MicroBlaze_i/clk_wiz_1/inst/clk_out1                        | Design_MicroBlaze_i/axi_uartlite_0/U0/AXI_LITE_IPIF_I/I_SLAVE_ATTACHMENT/I_DECODER/fifo_wr                                                                                                                       |                                                                                                                                                         |                1 |              8 |         8.00 |
|  Design_MicroBlaze_i/clk_wiz_1/inst/clk_out1                        | Design_MicroBlaze_i/axi_uartlite_0/U0/AXI_LITE_IPIF_I/I_SLAVE_ATTACHMENT/s_axi_rresp_i                                                                                                                           | Design_MicroBlaze_i/axi_uartlite_0/U0/AXI_LITE_IPIF_I/I_SLAVE_ATTACHMENT/rst                                                                            |                2 |              8 |         4.00 |
|  Design_MicroBlaze_i/mdm_1/U0/Use_E2.BSCAN_I/Dbg_Update_0_BUFG      | Design_MicroBlaze_i/mdm_1/U0/MDM_Core_I1/JTAG_CONTROL_I/Use_BSCAN.FDC_I/command_10                                                                                                                               |                                                                                                                                                         |                1 |              8 |         8.00 |
| ~Design_MicroBlaze_i/mdm_1/U0/Use_E2.BSCAN_I/Dbg_Update_0_BUFG      | Design_MicroBlaze_i/mdm_1/U0/MDM_Core_I1/JTAG_CONTROL_I/Use_BSCAN.command[0]_i_1_n_0                                                                                                                             |                                                                                                                                                         |                3 |              8 |         2.67 |
|  Design_MicroBlaze_i/mdm_1/U0/No_Dbg_Reg_Access.BUFG_DRCK/Dbg_Clk_0 | Design_MicroBlaze_i/microblaze_0/U0/MicroBlaze_Core_I/Performance.Core/Use_Debug_Logic.Master_Core.Debug_Perf/Using_PC_Breakpoints.All_PC_Brks[0].Serial_Interface_1.address_hit_I/Compare[0].SRLC16E_I/which_pc |                                                                                                                                                         |                7 |              8 |         1.14 |
|  Design_MicroBlaze_i/mdm_1/U0/No_Dbg_Reg_Access.BUFG_DRCK/Dbg_Clk_0 | Design_MicroBlaze_i/mdm_1/U0/MDM_Core_I1/JTAG_CONTROL_I/tdi_shifter0                                                                                                                                             |                                                                                                                                                         |                2 |              8 |         4.00 |
|  Design_MicroBlaze_i/clk_wiz_1/inst/clk_out1                        |                                                                                                                                                                                                                  | Design_MicroBlaze_i/axi_uartlite_0/U0/AXI_LITE_IPIF_I/I_SLAVE_ATTACHMENT/rst                                                                            |                4 |             10 |         2.50 |
|  Design_MicroBlaze_i/mdm_1/U0/No_Dbg_Reg_Access.BUFG_DRCK/Dbg_Clk_0 | Design_MicroBlaze_i/mdm_1/U0/MDM_Core_I1/JTAG_CONTROL_I/Use_BSCAN.FDC_I/Use_Serial_Unified_Completion.completion_block_reg                                                                                       |                                                                                                                                                         |                4 |             10 |         2.50 |
|  Design_MicroBlaze_i/clk_wiz_1/inst/clk_out1                        |                                                                                                                                                                                                                  | Design_MicroBlaze_i/microblaze_0_axi_intc/U0/AXI_LITE_IPIF_I/I_SLAVE_ATTACHMENT/rst                                                                     |                5 |             11 |         2.20 |
|  Design_MicroBlaze_i/clk_wiz_1/inst/clk_out1                        |                                                                                                                                                                                                                  | Design_MicroBlaze_i/microblaze_0_axi_periph/xbar/inst/gen_sasd.crossbar_sasd_0/addr_arbiter_inst/SR[0]                                                  |                4 |             11 |         2.75 |
|  Design_MicroBlaze_i/clk_wiz_1/inst/clk_out1                        | Design_MicroBlaze_i/microblaze_0/U0/MicroBlaze_Core_I/Performance.Core/Decode_I/PreFetch_Buffer_I1/Instruction_Prefetch_Mux[4].Gen_Instr_DFF/Using_FPGA.Native_34[0]                                             | Design_MicroBlaze_i/microblaze_0/U0/MicroBlaze_Core_I/sync_reset                                                                                        |                7 |             16 |         2.29 |
|  Design_MicroBlaze_i/clk_wiz_1/inst/clk_out1                        | Design_MicroBlaze_i/microblaze_0_axi_intc/U0/AXI_LITE_IPIF_I/I_SLAVE_ATTACHMENT/start2                                                                                                                           | Design_MicroBlaze_i/microblaze_0_axi_intc/U0/AXI_LITE_IPIF_I/I_SLAVE_ATTACHMENT/I_DECODER/cs_ce_clr                                                     |                4 |             19 |         4.75 |
|  Design_MicroBlaze_i/clk_wiz_1/inst/clk_out1                        | Design_MicroBlaze_i/microblaze_0/U0/MicroBlaze_Core_I/Performance.Core/Decode_I/mem_wait_on_ready_N_carry_or/MUXCY_I/lopt_1                                                                                      | Design_MicroBlaze_i/microblaze_0/U0/MicroBlaze_Core_I/sync_reset                                                                                        |                7 |             21 |         3.00 |
|  Design_MicroBlaze_i/clk_wiz_1/inst/clk_out1                        |                                                                                                                                                                                                                  | Design_MicroBlaze_i/microblaze_0_axi_intc/U0/INTC_CORE_I/s_axi_aresetn_0                                                                                |                7 |             23 |         3.29 |
|  Design_MicroBlaze_i/clk_wiz_1/inst/clk_out1                        | Design_MicroBlaze_i/microblaze_0_axi_periph/xbar/inst/gen_sasd.crossbar_sasd_0/addr_arbiter_inst/p_0_in1_in                                                                                                      | Design_MicroBlaze_i/microblaze_0_axi_periph/xbar/inst/gen_sasd.crossbar_sasd_0/addr_arbiter_inst/SR[0]                                                  |                4 |             23 |         5.75 |
|  Design_MicroBlaze_i/mdm_1/U0/No_Dbg_Reg_Access.BUFG_DRCK/Dbg_Clk_0 |                                                                                                                                                                                                                  | Design_MicroBlaze_i/mdm_1/U0/Use_E2.BSCAN_I/Use_E2.BSCANE2_I_4                                                                                          |                5 |             23 |         4.60 |
|  Design_MicroBlaze_i/clk_wiz_1/inst/clk_out1                        | Design_MicroBlaze_i/axi_uartlite_0/U0/UARTLITE_CORE_I/BAUD_RATE_I/en_16x_Baud                                                                                                                                    | Design_MicroBlaze_i/axi_uartlite_0/U0/UARTLITE_CORE_I/UARTLITE_RX_I/SR[0]                                                                               |                5 |             28 |         5.60 |
|  Design_MicroBlaze_i/clk_wiz_1/inst/clk_out1                        |                                                                                                                                                                                                                  | Design_MicroBlaze_i/axi_uartlite_0/U0/UARTLITE_CORE_I/UARTLITE_RX_I/SR[0]                                                                               |               11 |             31 |         2.82 |
|  Design_MicroBlaze_i/clk_wiz_1/inst/clk_out1                        |                                                                                                                                                                                                                  | Design_MicroBlaze_i/microblaze_0/U0/MicroBlaze_Core_I/Performance.Core/wb_dlmb_valid_read_data0                                                         |               15 |             32 |         2.13 |
|  Design_MicroBlaze_i/clk_wiz_1/inst/clk_out1                        | Design_MicroBlaze_i/microblaze_0/U0/MicroBlaze_Core_I/Performance.Core/Decode_I/mem_wait_on_ready_N_carry_or/MUXCY_I/lopt_1                                                                                      | Design_MicroBlaze_i/microblaze_0/U0/MicroBlaze_Core_I/Performance.Core/Decode_I/SR[0]                                                                   |               10 |             32 |         3.20 |
|  Design_MicroBlaze_i/clk_wiz_1/inst/clk_out1                        | Design_MicroBlaze_i/microblaze_0/U0/MicroBlaze_Core_I/Performance.Core/Decode_I/Use_MuxCy[3].OF_Piperun_Stage/MUXCY_I/E[0]                                                                                       | Design_MicroBlaze_i/microblaze_0/U0/MicroBlaze_Core_I/sync_reset                                                                                        |                5 |             32 |         6.40 |
|  Design_MicroBlaze_i/mdm_1/U0/No_Dbg_Reg_Access.BUFG_DRCK/Dbg_Clk_0 | Design_MicroBlaze_i/microblaze_0/U0/MicroBlaze_Core_I/Performance.Core/Use_Debug_Logic.Master_Core.Debug_Perf/Serial_Dbg_Intf.New_Dbg_Instr_TCK                                                                  |                                                                                                                                                         |                9 |             32 |         3.56 |
|  Design_MicroBlaze_i/clk_wiz_1/inst/clk_out1                        | Design_MicroBlaze_i/microblaze_0_axi_intc/U0/INTC_CORE_I/irq                                                                                                                                                     |                                                                                                                                                         |               11 |             32 |         2.91 |
|  Design_MicroBlaze_i/clk_wiz_1/inst/clk_out1                        | Design_MicroBlaze_i/microblaze_0_axi_periph/xbar/inst/gen_sasd.crossbar_sasd_0/reg_slice_r/s_axi_rvalid[0]                                                                                                       | Design_MicroBlaze_i/microblaze_0/U0/MicroBlaze_Core_I/sync_reset                                                                                        |                8 |             32 |         4.00 |
|  Design_MicroBlaze_i/clk_wiz_1/inst/clk_out1                        | Design_MicroBlaze_i/microblaze_0_axi_intc/U0/AXI_LITE_IPIF_I/I_SLAVE_ATTACHMENT/s_axi_rresp_i                                                                                                                    | Design_MicroBlaze_i/microblaze_0_axi_intc/U0/AXI_LITE_IPIF_I/I_SLAVE_ATTACHMENT/rst                                                                     |               10 |             32 |         3.20 |
|  Design_MicroBlaze_i/clk_wiz_1/inst/clk_out1                        | Design_MicroBlaze_i/microblaze_0/U0/MicroBlaze_Core_I/Performance.Core/Decode_I/PreFetch_Buffer_I1/Gen_Mux_Select_LUT6[2].Gen_Sel_DFF/Using_FPGA.Native_0[0]                                                     | Design_MicroBlaze_i/microblaze_0/U0/MicroBlaze_Core_I/sync_reset                                                                                        |                7 |             32 |         4.57 |
|  Design_MicroBlaze_i/clk_wiz_1/inst/clk_out1                        | Design_MicroBlaze_i/microblaze_0/U0/MicroBlaze_Core_I/Performance.Core/Decode_I/Use_MuxCy[3].OF_Piperun_Stage/MUXCY_I/Using_FPGA.Native_0                                                                        | Design_MicroBlaze_i/microblaze_0/U0/MicroBlaze_Core_I/Performance.Core/Decode_I/R                                                                       |                8 |             32 |         4.00 |
|  Design_MicroBlaze_i/clk_wiz_1/inst/clk_out1                        | Design_MicroBlaze_i/microblaze_0/U0/MicroBlaze_Core_I/Performance.Core/Use_Debug_Logic.Master_Core.Debug_Perf/data_rd_reg[0]_i_1_n_0                                                                             | Design_MicroBlaze_i/microblaze_0/U0/MicroBlaze_Core_I/sync_reset                                                                                        |               10 |             32 |         3.20 |
|  Design_MicroBlaze_i/clk_wiz_1/inst/clk_out1                        | Design_MicroBlaze_i/microblaze_0_axi_periph/xbar/inst/gen_sasd.crossbar_sasd_0/addr_arbiter_inst/E[0]                                                                                                            |                                                                                                                                                         |                6 |             33 |         5.50 |
|  Design_MicroBlaze_i/clk_wiz_1/inst/clk_out1                        | Design_MicroBlaze_i/microblaze_0/U0/MicroBlaze_Core_I/Performance.Core/Decode_I/mem_wait_on_ready_N_carry_or/MUXCY_I/lopt_1                                                                                      |                                                                                                                                                         |               10 |             34 |         3.40 |
|  Design_MicroBlaze_i/mdm_1/U0/No_Dbg_Reg_Access.BUFG_DRCK/Dbg_Clk_0 | Design_MicroBlaze_i/mdm_1/U0/Use_E2.BSCAN_I/Use_E2.BSCANE2_I_0                                                                                                                                                   |                                                                                                                                                         |               15 |             47 |         3.13 |
|  Design_MicroBlaze_i/clk_wiz_1/inst/clk_out1                        | Design_MicroBlaze_i/microblaze_0_axi_intc/U0/AXI_LITE_IPIF_I/I_SLAVE_ATTACHMENT/I_DECODER/bus2ip_wrce[0]                                                                                                         |                                                                                                                                                         |                8 |             64 |         8.00 |
|  Design_MicroBlaze_i/clk_wiz_1/inst/clk_out1                        | Design_MicroBlaze_i/microblaze_0/U0/MicroBlaze_Core_I/Performance.Core/Decode_I/PreFetch_Buffer_I1/Instruction_Prefetch_Mux[42].Instr_Mux_MUXF7/IReady_0                                                         |                                                                                                                                                         |               11 |             75 |         6.82 |
|  Design_MicroBlaze_i/clk_wiz_1/inst/clk_out1                        | Design_MicroBlaze_i/microblaze_0/U0/MicroBlaze_Core_I/Performance.Core/Decode_I/Use_MuxCy[3].OF_Piperun_Stage/MUXCY_I/Using_FPGA.Native_0                                                                        | Design_MicroBlaze_i/microblaze_0/U0/MicroBlaze_Core_I/sync_reset                                                                                        |               26 |             80 |         3.08 |
|  Design_MicroBlaze_i/mdm_1/U0/No_Dbg_Reg_Access.BUFG_DRCK/Dbg_Clk_0 |                                                                                                                                                                                                                  |                                                                                                                                                         |               30 |             80 |         2.67 |
|  Design_MicroBlaze_i/clk_wiz_1/inst/clk_out1                        | Design_MicroBlaze_i/microblaze_0/U0/MicroBlaze_Core_I/Performance.Core/Decode_I/WB_GPR_Wr                                                                                                                        |                                                                                                                                                         |               16 |            128 |         8.00 |
|  Design_MicroBlaze_i/clk_wiz_1/inst/clk_out1                        |                                                                                                                                                                                                                  | Design_MicroBlaze_i/microblaze_0/U0/MicroBlaze_Core_I/sync_reset                                                                                        |               70 |            157 |         2.24 |
|  Design_MicroBlaze_i/clk_wiz_1/inst/clk_out1                        | Design_MicroBlaze_i/microblaze_0/U0/MicroBlaze_Core_I/Performance.Core/Decode_I/Use_MuxCy[11].OF_Piperun_Stage/MUXCY_I/Using_FPGA.Native_0                                                                       | Design_MicroBlaze_i/microblaze_0/U0/MicroBlaze_Core_I/sync_reset                                                                                        |               83 |            221 |         2.66 |
|  Design_MicroBlaze_i/clk_wiz_1/inst/clk_out1                        |                                                                                                                                                                                                                  |                                                                                                                                                         |               69 |            223 |         3.23 |
+---------------------------------------------------------------------+------------------------------------------------------------------------------------------------------------------------------------------------------------------------------------------------------------------+---------------------------------------------------------------------------------------------------------------------------------------------------------+------------------+----------------+--------------+


